Arguments: 
  C:\Program Files\nodejs\node.exe C:\Program Files (x86)\Yarn\bin\yarn.js install

PATH: 
  C:\Program Files\AdoptOpenJDK\jdk-15.0.1.9-hotspot\bin;C:\Program Files\AdoptOpenJDK\jdk-8.0.275.1-hotspot\bin;C:\Python39\Scripts\;C:\Python39\;C:\Program Files (x86)\Intel\iCLS Client\;C:\Program Files\Intel\iCLS Client\;C:\Windows\system32;C:\Windows;C:\Windows\System32\Wbem;C:\Windows\System32\WindowsPowerShell\v1.0\;C:\Windows\System32\OpenSSH\;C:\Program Files (x86)\Yarn\bin\;C:\ProgramData\chocolatey\bin;C:\Program Files\Git\cmd;C:\Program Files\Git\mingw64\bin;C:\Program Files\Git\usr\bin;C:\ffmpeg\bin;C:\Program Files\CMake\bin;C:\Program Files\nodejs\;C:\Program Files (x86)\sox-14-4-2\;C:\Users\Naz\.cargo\bin;C:\Users\Naz\AppData\Local\Microsoft\WindowsApps;C:\Users\Naz\AppData\Local\Yarn\bin;C:\Users\Naz\AppData\Local\Programs\Microsoft VS Code\bin;C:\Users\Naz\AppData\Roaming\npm

Yarn version: 
  1.22.5

Node version: 
  15.8.0

Platform: 
  win32 x64

Trace: 
  Error: https://registry.yarnpkg.com/BluSpring%2fendb: Request "https://registry.yarnpkg.com/BluSpring%2fendb" returned a 405
      at Request.params.callback [as _callback] (C:\Program Files (x86)\Yarn\lib\cli.js:66106:18)
      at Request.self.callback (C:\Program Files (x86)\Yarn\lib\cli.js:140749:22)
      at Request.emit (node:events:378:20)
      at Request.<anonymous> (C:\Program Files (x86)\Yarn\lib\cli.js:141721:10)
      at Request.emit (node:events:378:20)
      at IncomingMessage.<anonymous> (C:\Program Files (x86)\Yarn\lib\cli.js:141643:12)
      at Object.onceWrapper (node:events:484:28)
      at IncomingMessage.emit (node:events:390:22)
      at endReadableNT (node:internal/streams/readable:1307:12)
      at processTicksAndRejections (node:internal/process/task_queues:81:21)

npm manifest: 
  {
    "name": "@endb/mongo",
    "version": "1.3.0",
    "description": "MongoDB adapter for Endb",
    "main": "dist/index.js",
    "types": "dist/index.d.ts",
    "files": [
      "dist"
    ],
    "scripts": {
      "build": "tsc"
    },
    "license": "MIT",
    "author": "BluSpring (https://github.com/BluSpring), chroventer (https://github.com/chroventer)",
    "homepage": "https://endb.js.org",
    "repository": "BluSpring/endb",
    "bugs": "https://github.com/BluSpring/endb/issues",
    "dependencies": {
      "mongodb": "3.5.9"
    },
    "devDependencies": {
      "@types/mongodb": "3.5.25",
      "BluSpring/endb": "*"
    },
    "keywords": [
      "endb",
      "key-value",
      "cache",
      "mongodb"
    ]
  }

yarn manifest: 
  No manifest

Lockfile: 
  No lockfile
